<?xml version="1.0" encoding="UTF-8"?>
<!-- Generated by org.testng.reporters.JUnitReportReporter -->
<testsuite skipped="0" hostname="A1ML19694" name="com.project.webtours.Testcases.LoginTest" tests="1" failures="0" timestamp="15 Mar 2018 11:22:34 GMT" time="25.453" errors="0">
  <testcase name="loginTest" time="25.453" classname="com.project.webtours.Testcases.LoginTest"/>
</testsuite> <!-- com.project.webtours.Testcases.LoginTest -->
