<?xml version="1.0" encoding="UTF-8"?>
<!-- Generated by org.testng.reporters.JUnitReportReporter -->
<testsuite skipped="0" hostname="A1ML19694" name="com.project.webtours.Testcases.WebtoursTest" tests="2" failures="0" timestamp="15 Mar 2018 05:26:04 GMT" time="10.735" errors="0">
  <testcase name="returnTicketTest" time="4.562" classname="com.project.webtours.Testcases.WebtoursTest"/>
  <testcase name="loginTest" time="6.173" classname="com.project.webtours.Testcases.WebtoursTest"/>
</testsuite> <!-- com.project.webtours.Testcases.WebtoursTest -->
