<?xml version="1.0" encoding="UTF-8"?>
<!-- Generated by org.testng.reporters.JUnitReportReporter -->
<testsuite skipped="0" hostname="A1ML19694" name="com.project.webtours.Testcases.WebtourTest" tests="2" failures="0" timestamp="02 Mar 2018 01:15:01 GMT" time="9.445" errors="0">
  <testcase name="loginTest" time="4.807" classname="com.project.webtours.Testcases.WebtourTest"/>
  <testcase name="returnTicketTest" time="4.638" classname="com.project.webtours.Testcases.WebtourTest"/>
</testsuite> <!-- com.project.webtours.Testcases.WebtourTest -->
