<?xml version="1.0" encoding="UTF-8"?>
<!-- Generated by org.testng.reporters.JUnitReportReporter -->
<testsuite skipped="0" hostname="A1ML19694" name="com.project.webtours.Testcases.ReturnTicketTest" tests="1" failures="0" timestamp="15 Mar 2018 11:22:34 GMT" time="4.668" errors="0">
  <testcase name="returnTicketTest" time="4.668" classname="com.project.webtours.Testcases.ReturnTicketTest"/>
</testsuite> <!-- com.project.webtours.Testcases.ReturnTicketTest -->
