<?xml version="1.0" encoding="UTF-8"?>
<!-- Generated by org.testng.reporters.JUnitReportReporter -->
<testsuite skipped="0" hostname="D1MD21765" name="com.demoaut.mercurytours.TestCases.FlightBookingTest" tests="1" failures="0" timestamp="04 Dec 2017 15:42:50 GMT" time="18.086" errors="0">
  <testcase name="bookFlightMethod" time="18.086" classname="com.demoaut.mercurytours.TestCases.FlightBookingTest"/>
</testsuite> <!-- com.demoaut.mercurytours.TestCases.FlightBookingTest -->
