<?xml version="1.0" encoding="UTF-8"?>
<!-- Generated by org.testng.reporters.JUnitReportReporter -->
<testsuite skipped="0" hostname="D1MD21765" name="com.demoaut.mercurytours.TestCases.RegisterUserTest" tests="1" failures="0" timestamp="04 Dec 2017 15:42:50 GMT" time="10.490" errors="0">
  <testcase name="registerNewUser" time="10.490" classname="com.demoaut.mercurytours.TestCases.RegisterUserTest"/>
</testsuite> <!-- com.demoaut.mercurytours.TestCases.RegisterUserTest -->
