<?xml version="1.0" encoding="UTF-8"?>
<!-- Generated by org.testng.reporters.JUnitReportReporter -->
<testsuite skipped="0" hostname="D1MD21765" name="com.demoaut.mercurytours.TestCases.LoginUserTest" tests="2" failures="0" timestamp="04 Dec 2017 15:42:50 GMT" time="19.169" errors="0">
  <testcase name="validCredentialLogin" time="10.585" classname="com.demoaut.mercurytours.TestCases.LoginUserTest"/>
  <testcase name="invalidCredentialLogin" time="8.584" classname="com.demoaut.mercurytours.TestCases.LoginUserTest"/>
</testsuite> <!-- com.demoaut.mercurytours.TestCases.LoginUserTest -->
