<?xml version="1.0" encoding="UTF-8"?>
<!-- Generated by org.testng.reporters.JUnitReportReporter -->
<testsuite skipped="0" hostname="D1MD21765" name="com.demoaut.mercurytours.TestCases.VerifyItinerary" tests="1" failures="0" timestamp="04 Dec 2017 15:42:50 GMT" time="11.061" errors="0">
  <testcase name="verifyBookingHistory" time="11.061" classname="com.demoaut.mercurytours.TestCases.VerifyItinerary"/>
</testsuite> <!-- com.demoaut.mercurytours.TestCases.VerifyItinerary -->
