<?xml version="1.0" encoding="UTF-8"?>
<!-- Generated by org.testng.reporters.JUnitReportReporter -->
<testsuite skipped="0" hostname="E6ML22627" name="drivers.RunManager" tests="2" failures="0" timestamp="05 Feb 2018 02:01:14 GMT" time="101.945" errors="0">
  <testcase name="TestCase" time="101.756" classname="drivers.RunManager"/>
  <testcase name="exportToExcel" time="0.189" classname="drivers.RunManager"/>
</testsuite> <!-- drivers.RunManager -->
