<?xml version="1.0" encoding="UTF-8"?>
<!-- Generated by org.testng.reporters.JUnitReportReporter -->
<testsuite skipped="0" hostname="A2ML12985" name="mercury.bookflight.testcases.MercuryTestCases" tests="2" failures="0" timestamp="14 Mar 2018 09:20:32 GMT" time="76.120" errors="0">
  <testcase name="validateLogIn" time="18.607" classname="mercury.bookflight.testcases.MercuryTestCases"/>
  <testcase name="bookReturnFlightTickets" time="57.513" classname="mercury.bookflight.testcases.MercuryTestCases"/>
</testsuite> <!-- mercury.bookflight.testcases.MercuryTestCases -->
